# JRE version: OpenJDK Runtime Environment (8.0_152-b02) (build 1.8.0_152-release-1024-b02)
# Java VM: OpenJDK 64-Bit Server VM (25.152-b02 mixed mode windows-amd64 compressed oops)
Heap:
 PSYoungGen      total 264192K, used 11509K [0x00000000e0000000, 0x00000000f4d80000, 0x0000000100000000)
  eden space 252416K, 0% used [0x00000000e0000000,0x00000000e0000000,0x00000000ef680000)
  from space 11776K, 97% used [0x00000000f4200000,0x00000000f4d3d578,0x00000000f4d80000)
  to   space 23552K, 0% used [0x00000000f1f80000,0x00000000f1f80000,0x00000000f3680000)
 ParOldGen       total 128000K, used 72256K [0x00000000a0000000, 0x00000000a7d00000, 0x00000000e0000000)
  object space 128000K, 56% used [0x00000000a0000000,0x00000000a46902f0,0x00000000a7d00000)
 Metaspace       used 94442K, capacity 98240K, committed 98380K, reserved 1134592K
  class space    used 11986K, capacity 12874K, committed 12928K, reserved 1048576K
GC Heap History (10 events):
Event: 408.817 GC heap after
Heap after GC invocations=21 (full 3):
 PSYoungGen      total 297472K, used 10066K [0x00000000e0000000, 0x00000000f3e80000, 0x0000000100000000)
  eden space 283136K, 0% used [0x00000000e0000000,0x00000000e0000000,0x00000000f1480000)
  from space 14336K, 70% used [0x00000000f3080000,0x00000000f3a54a80,0x00000000f3e80000)
  to   space 21504K, 0% used [0x00000000f1480000,0x00000000f1480000,0x00000000f2980000)
 ParOldGen       total 128000K, used 56699K [0x00000000a0000000, 0x00000000a7d00000, 0x00000000e0000000)
  object space 128000K, 44% used [0x00000000a0000000,0x00000000a375ee28,0x00000000a7d00000)
 Metaspace       used 67550K, capacity 69820K, committed 70104K, reserved 1110016K
  class space    used 8770K, capacity 9359K, committed 9472K, reserved 1048576K
}
Event: 416.461 GC heap before
{Heap before GC invocations=22 (full 3):
 PSYoungGen      total 297472K, used 293202K [0x00000000e0000000, 0x00000000f3e80000, 0x0000000100000000)
  eden space 283136K, 100% used [0x00000000e0000000,0x00000000f1480000,0x00000000f1480000)
  from space 14336K, 70% used [0x00000000f3080000,0x00000000f3a54a80,0x00000000f3e80000)
  to   space 21504K, 0% used [0x00000000f1480000,0x00000000f1480000,0x00000000f2980000)
 ParOldGen       total 128000K, used 56699K [0x00000000a0000000, 0x00000000a7d00000, 0x00000000e0000000)
  object space 128000K, 44% used [0x00000000a0000000,0x00000000a375ee28,0x00000000a7d00000)
 Metaspace       used 79504K, capacity 82714K, committed 82904K, reserved 1120256K
  class space    used 10398K, capacity 11157K, committed 11264K, reserved 1048576K
Event: 416.521 GC heap after
Heap after GC invocations=22 (full 3):
 PSYoungGen      total 304640K, used 21495K [0x00000000e0000000, 0x00000000f7400000, 0x0000000100000000)
  eden space 283136K, 0% used [0x00000000e0000000,0x00000000e0000000,0x00000000f1480000)
  from space 21504K, 99% used [0x00000000f1480000,0x00000000f297de60,0x00000000f2980000)
  to   space 27136K, 0% used [0x00000000f5980000,0x00000000f5980000,0x00000000f7400000)
 ParOldGen       total 128000K, used 61669K [0x00000000a0000000, 0x00000000a7d00000, 0x00000000e0000000)
  object space 128000K, 48% used [0x00000000a0000000,0x00000000a3c39518,0x00000000a7d00000)
 Metaspace       used 79504K, capacity 82714K, committed 82904K, reserved 1120256K
  class space    used 10398K, capacity 11157K, committed 11264K, reserved 1048576K
}
Event: 4917.046 GC heap before
{Heap before GC invocations=23 (full 3):
 PSYoungGen      total 304640K, used 304631K [0x00000000e0000000, 0x00000000f7400000, 0x0000000100000000)
  eden space 283136K, 100% used [0x00000000e0000000,0x00000000f1480000,0x00000000f1480000)
  from space 21504K, 99% used [0x00000000f1480000,0x00000000f297de60,0x00000000f2980000)
  to   space 27136K, 0% used [0x00000000f5980000,0x00000000f5980000,0x00000000f7400000)
 ParOldGen       total 128000K, used 61669K [0x00000000a0000000, 0x00000000a7d00000, 0x00000000e0000000)
  object space 128000K, 48% used [0x00000000a0000000,0x00000000a3c39518,0x00000000a7d00000)
 Metaspace       used 88256K, capacity 91924K, committed 91992K, reserved 1128448K
  class space    used 11268K, capacity 12108K, committed 12160K, reserved 1048576K
Event: 4917.156 GC heap after
Heap after GC invocations=23 (full 3):
 PSYoungGen      total 282624K, used 10236K [0x00000000e0000000, 0x00000000f6380000, 0x0000000100000000)
  eden space 272384K, 0% used [0x00000000e0000000,0x00000000e0000000,0x00000000f0a00000)
  from space 10240K, 99% used [0x00000000f5980000,0x00000000f637f0c0,0x00000000f6380000)
  to   space 25600K, 0% used [0x00000000f3180000,0x00000000f3180000,0x00000000f4a80000)
 ParOldGen       total 128000K, used 72240K [0x00000000a0000000, 0x00000000a7d00000, 0x00000000e0000000)
  object space 128000K, 56% used [0x00000000a0000000,0x00000000a468c2f0,0x00000000a7d00000)
 Metaspace       used 88256K, capacity 91924K, committed 91992K, reserved 1128448K
  class space    used 11268K, capacity 12108K, committed 12160K, reserved 1048576K
}
Event: 4925.904 GC heap before
{Heap before GC invocations=24 (full 3):
 PSYoungGen      total 282624K, used 282620K [0x00000000e0000000, 0x00000000f6380000, 0x0000000100000000)
  eden space 272384K, 100% used [0x00000000e0000000,0x00000000f0a00000,0x00000000f0a00000)
  from space 10240K, 99% used [0x00000000f5980000,0x00000000f637f0c0,0x00000000f6380000)
  to   space 25600K, 0% used [0x00000000f3180000,0x00000000f3180000,0x00000000f4a80000)
 ParOldGen       total 128000K, used 72240K [0x00000000a0000000, 0x00000000a7d00000, 0x00000000e0000000)
  object space 128000K, 56% used [0x00000000a0000000,0x00000000a468c2f0,0x00000000a7d00000)
 Metaspace       used 89362K, capacity 93216K, committed 93400K, reserved 1130496K
  class space    used 11403K, capacity 12266K, committed 12288K, reserved 1048576K
Event: 4925.944 GC heap after
Heap after GC invocations=24 (full 3):
 PSYoungGen      total 270848K, used 8553K [0x00000000e0000000, 0x00000000f5a00000, 0x0000000100000000)
  eden space 262144K, 0% used [0x00000000e0000000,0x00000000e0000000,0x00000000f0000000)
  from space 8704K, 98% used [0x00000000f3180000,0x00000000f39da540,0x00000000f3a00000)
  to   space 24576K, 0% used [0x00000000f4200000,0x00000000f4200000,0x00000000f5a00000)
 ParOldGen       total 128000K, used 72248K [0x00000000a0000000, 0x00000000a7d00000, 0x00000000e0000000)
  object space 128000K, 56% used [0x00000000a0000000,0x00000000a468e2f0,0x00000000a7d00000)
 Metaspace       used 89362K, capacity 93216K, committed 93400K, reserved 1130496K
  class space    used 11403K, capacity 12266K, committed 12288K, reserved 1048576K
}
Event: 4929.157 GC heap before
{Heap before GC invocations=25 (full 3):
 PSYoungGen      total 270848K, used 170184K [0x00000000e0000000, 0x00000000f5a00000, 0x0000000100000000)
  eden space 262144K, 61% used [0x00000000e0000000,0x00000000e9dd7c70,0x00000000f0000000)
  from space 8704K, 98% used [0x00000000f3180000,0x00000000f39da540,0x00000000f3a00000)
  to   space 24576K, 0% used [0x00000000f4200000,0x00000000f4200000,0x00000000f5a00000)
 ParOldGen       total 128000K, used 72248K [0x00000000a0000000, 0x00000000a7d00000, 0x00000000e0000000)
  object space 128000K, 56% used [0x00000000a0000000,0x00000000a468e2f0,0x00000000a7d00000)
 Metaspace       used 94442K, capacity 98240K, committed 98380K, reserved 1134592K
  class space    used 11986K, capacity 12874K, committed 12928K, reserved 1048576K
Event: 4929.173 GC heap after
Heap after GC invocations=25 (full 3):
 PSYoungGen      total 264192K, used 11509K [0x00000000e0000000, 0x00000000f4d80000, 0x0000000100000000)
  eden space 252416K, 0% used [0x00000000e0000000,0x00000000e0000000,0x00000000ef680000)
  from space 11776K, 97% used [0x00000000f4200000,0x00000000f4d3d578,0x00000000f4d80000)
  to   space 23552K, 0% used [0x00000000f1f80000,0x00000000f1f80000,0x00000000f3680000)
 ParOldGen       total 128000K, used 72256K [0x00000000a0000000, 0x00000000a7d00000, 0x00000000e0000000)
  object space 128000K, 56% used [0x00000000a0000000,0x00000000a46902f0,0x00000000a7d00000)
 Metaspace       used 94442K, capacity 98240K, committed 98380K, reserved 1134592K
  class space    used 11986K, capacity 12874K, committed 12928K, reserved 1048576K
}
Event: 4929.173 GC heap before
{Heap before GC invocations=26 (full 4):
 PSYoungGen      total 264192K, used 11509K [0x00000000e0000000, 0x00000000f4d80000, 0x0000000100000000)
  eden space 252416K, 0% used [0x00000000e0000000,0x00000000e0000000,0x00000000ef680000)
  from space 11776K, 97% used [0x00000000f4200000,0x00000000f4d3d578,0x00000000f4d80000)
  to   space 23552K, 0% used [0x00000000f1f80000,0x00000000f1f80000,0x00000000f3680000)
 ParOldGen       total 128000K, used 72256K [0x00000000a0000000, 0x00000000a7d00000, 0x00000000e0000000)
  object space 128000K, 56% used [0x00000000a0000000,0x00000000a46902f0,0x00000000a7d00000)
 Metaspace       used 94442K, capacity 98240K, committed 98380K, reserved 1134592K
  class space    used 11986K, capacity 12874K, committed 12928K, reserved 1048576K

